[000001] 1 [     1 - request] map["url":"https://www.car.gr/used-cars/toyota.html?activeq=toyota&offer_type=sale&pg=1&sort=pra"] (0s)
[000002] 1 [     1 - response] map["status":"OK" "url":"https://www.car.gr/used-cars/toyota.html?activeq=toyota&offer_type=sale&pg=1&sort=pra"] (2.1512568s)
[000003] 1 [     1 - html] map["selector":"ol.list-unstyled.rows-container.mt-2.list.gallery-lg-4-per-row li" "url":"https://www.car.gr/used-cars/toyota.html?activeq=toyota&offer_type=sale&pg=1&sort=pra"] (2.1564275s)
[000004] 1 [     1 - html] map["selector":"ol.list-unstyled.rows-container.mt-2.list.gallery-lg-4-per-row li" "url":"https://www.car.gr/used-cars/toyota.html?activeq=toyota&offer_type=sale&pg=1&sort=pra"] (2.1584877s)
[000005] 1 [     1 - html] map["selector":"ol.list-unstyled.rows-container.mt-2.list.gallery-lg-4-per-row li" "url":"https://www.car.gr/used-cars/toyota.html?activeq=toyota&offer_type=sale&pg=1&sort=pra"] (2.159512s)
[000006] 1 [     1 - html] map["selector":"ol.list-unstyled.rows-container.mt-2.list.gallery-lg-4-per-row li" "url":"https://www.car.gr/used-cars/toyota.html?activeq=toyota&offer_type=sale&pg=1&sort=pra"] (2.1605362s)
[000007] 1 [     1 - html] map["selector":"ol.list-unstyled.rows-container.mt-2.list.gallery-lg-4-per-row li" "url":"https://www.car.gr/used-cars/toyota.html?activeq=toyota&offer_type=sale&pg=1&sort=pra"] (2.1615644s)
[000008] 1 [     1 - html] map["selector":"ol.list-unstyled.rows-container.mt-2.list.gallery-lg-4-per-row li" "url":"https://www.car.gr/used-cars/toyota.html?activeq=toyota&offer_type=sale&pg=1&sort=pra"] (2.1631067s)
[000009] 1 [     1 - html] map["selector":"ol.list-unstyled.rows-container.mt-2.list.gallery-lg-4-per-row li" "url":"https://www.car.gr/used-cars/toyota.html?activeq=toyota&offer_type=sale&pg=1&sort=pra"] (2.1641313s)
[000010] 1 [     1 - html] map["selector":"ol.list-unstyled.rows-container.mt-2.list.gallery-lg-4-per-row li" "url":"https://www.car.gr/used-cars/toyota.html?activeq=toyota&offer_type=sale&pg=1&sort=pra"] (2.1656859s)
[000011] 1 [     1 - html] map["selector":"ol.list-unstyled.rows-container.mt-2.list.gallery-lg-4-per-row li" "url":"https://www.car.gr/used-cars/toyota.html?activeq=toyota&offer_type=sale&pg=1&sort=pra"] (2.1667133s)
[000012] 1 [     1 - html] map["selector":"ol.list-unstyled.rows-container.mt-2.list.gallery-lg-4-per-row li" "url":"https://www.car.gr/used-cars/toyota.html?activeq=toyota&offer_type=sale&pg=1&sort=pra"] (2.1682633s)
[000013] 1 [     1 - html] map["selector":"ol.list-unstyled.rows-container.mt-2.list.gallery-lg-4-per-row li" "url":"https://www.car.gr/used-cars/toyota.html?activeq=toyota&offer_type=sale&pg=1&sort=pra"] (2.1692864s)
[000014] 1 [     1 - html] map["selector":"ol.list-unstyled.rows-container.mt-2.list.gallery-lg-4-per-row li" "url":"https://www.car.gr/used-cars/toyota.html?activeq=toyota&offer_type=sale&pg=1&sort=pra"] (2.1709538s)
[000015] 1 [     1 - html] map["selector":"ol.list-unstyled.rows-container.mt-2.list.gallery-lg-4-per-row li" "url":"https://www.car.gr/used-cars/toyota.html?activeq=toyota&offer_type=sale&pg=1&sort=pra"] (2.1725673s)
[000016] 1 [     1 - html] map["selector":"ol.list-unstyled.rows-container.mt-2.list.gallery-lg-4-per-row li" "url":"https://www.car.gr/used-cars/toyota.html?activeq=toyota&offer_type=sale&pg=1&sort=pra"] (2.173599s)
[000017] 1 [     1 - html] map["selector":"ol.list-unstyled.rows-container.mt-2.list.gallery-lg-4-per-row li" "url":"https://www.car.gr/used-cars/toyota.html?activeq=toyota&offer_type=sale&pg=1&sort=pra"] (2.1751322s)
[000018] 1 [     1 - html] map["selector":"ol.list-unstyled.rows-container.mt-2.list.gallery-lg-4-per-row li" "url":"https://www.car.gr/used-cars/toyota.html?activeq=toyota&offer_type=sale&pg=1&sort=pra"] (2.1761532s)
[000019] 1 [     1 - html] map["selector":"ol.list-unstyled.rows-container.mt-2.list.gallery-lg-4-per-row li" "url":"https://www.car.gr/used-cars/toyota.html?activeq=toyota&offer_type=sale&pg=1&sort=pra"] (2.1776986s)
[000020] 1 [     1 - html] map["selector":"ol.list-unstyled.rows-container.mt-2.list.gallery-lg-4-per-row li" "url":"https://www.car.gr/used-cars/toyota.html?activeq=toyota&offer_type=sale&pg=1&sort=pra"] (2.1787405s)
[000021] 1 [     1 - html] map["selector":"ol.list-unstyled.rows-container.mt-2.list.gallery-lg-4-per-row li" "url":"https://www.car.gr/used-cars/toyota.html?activeq=toyota&offer_type=sale&pg=1&sort=pra"] (2.1802478s)
[000022] 1 [     1 - html] map["selector":"ol.list-unstyled.rows-container.mt-2.list.gallery-lg-4-per-row li" "url":"https://www.car.gr/used-cars/toyota.html?activeq=toyota&offer_type=sale&pg=1&sort=pra"] (2.1822496s)
[000023] 1 [     1 - html] map["selector":"ol.list-unstyled.rows-container.mt-2.list.gallery-lg-4-per-row li" "url":"https://www.car.gr/used-cars/toyota.html?activeq=toyota&offer_type=sale&pg=1&sort=pra"] (2.1832516s)
[000024] 1 [     1 - html] map["selector":"ol.list-unstyled.rows-container.mt-2.list.gallery-lg-4-per-row li" "url":"https://www.car.gr/used-cars/toyota.html?activeq=toyota&offer_type=sale&pg=1&sort=pra"] (2.1852524s)
[000025] 1 [     1 - html] map["selector":"ol.list-unstyled.rows-container.mt-2.list.gallery-lg-4-per-row li" "url":"https://www.car.gr/used-cars/toyota.html?activeq=toyota&offer_type=sale&pg=1&sort=pra"] (2.1867307s)
[000026] 1 [     1 - html] map["selector":"ol.list-unstyled.rows-container.mt-2.list.gallery-lg-4-per-row li" "url":"https://www.car.gr/used-cars/toyota.html?activeq=toyota&offer_type=sale&pg=1&sort=pra"] (2.1876933s)
[000027] 1 [     1 - html] map["selector":"ol.list-unstyled.rows-container.mt-2.list.gallery-lg-4-per-row li" "url":"https://www.car.gr/used-cars/toyota.html?activeq=toyota&offer_type=sale&pg=1&sort=pra"] (2.188694s)
[000028] 1 [     1 - scraped] map["url":"https://www.car.gr/used-cars/toyota.html?activeq=toyota&offer_type=sale&pg=1&sort=pra"] (2.1896956s)
119s)
)
yota&offer_type=sale&pg=1&sort=pra"] (1.8703019s)
