[000001] 1 [     1 - request] map["url":"https://www.car.gr/used-cars/toyota.html?activeq=toyota&offer_type=sale&pg=1&sort=pra"] (516.7µs)
[000002] 1 [     1 - response] map["status":"OK" "url":"https://www.car.gr/used-cars/toyota.html?activeq=toyota&offer_type=sale&pg=1&sort=pra"] (1.5392838s)
[000003] 1 [     1 - html] map["selector":"ol.list-unstyled.rows-container.mt-2.list.gallery-lg-4-per-row li" "url":"https://www.car.gr/used-cars/toyota.html?activeq=toyota&offer_type=sale&pg=1&sort=pra"] (1.5449358s)
[000004] 1 [     1 - html] map["selector":"ol.list-unstyled.rows-container.mt-2.list.gallery-lg-4-per-row li" "url":"https://www.car.gr/used-cars/toyota.html?activeq=toyota&offer_type=sale&pg=1&sort=pra"] (1.5459611s)
[000005] 1 [     1 - html] map["selector":"ol.list-unstyled.rows-container.mt-2.list.gallery-lg-4-per-row li" "url":"https://www.car.gr/used-cars/toyota.html?activeq=toyota&offer_type=sale&pg=1&sort=pra"] (1.5469933s)
[000006] 1 [     1 - html] map["selector":"ol.list-unstyled.rows-container.mt-2.list.gallery-lg-4-per-row li" "url":"https://www.car.gr/used-cars/toyota.html?activeq=toyota&offer_type=sale&pg=1&sort=pra"] (1.5480179s)
[000007] 1 [     1 - html] map["selector":"ol.list-unstyled.rows-container.mt-2.list.gallery-lg-4-per-row li" "url":"https://www.car.gr/used-cars/toyota.html?activeq=toyota&offer_type=sale&pg=1&sort=pra"] (1.5490417s)
[000008] 1 [     1 - html] map["selector":"ol.list-unstyled.rows-container.mt-2.list.gallery-lg-4-per-row li" "url":"https://www.car.gr/used-cars/toyota.html?activeq=toyota&offer_type=sale&pg=1&sort=pra"] (1.5495548s)
[000009] 1 [     1 - html] map["selector":"ol.list-unstyled.rows-container.mt-2.list.gallery-lg-4-per-row li" "url":"https://www.car.gr/used-cars/toyota.html?activeq=toyota&offer_type=sale&pg=1&sort=pra"] (1.5505842s)
[000010] 1 [     1 - html] map["selector":"ol.list-unstyled.rows-container.mt-2.list.gallery-lg-4-per-row li" "url":"https://www.car.gr/used-cars/toyota.html?activeq=toyota&offer_type=sale&pg=1&sort=pra"] (1.5510999s)
[000011] 1 [     1 - html] map["selector":"ol.list-unstyled.rows-container.mt-2.list.gallery-lg-4-per-row li" "url":"https://www.car.gr/used-cars/toyota.html?activeq=toyota&offer_type=sale&pg=1&sort=pra"] (1.5516116s)
[000012] 1 [     1 - html] map["selector":"ol.list-unstyled.rows-container.mt-2.list.gallery-lg-4-per-row li" "url":"https://www.car.gr/used-cars/toyota.html?activeq=toyota&offer_type=sale&pg=1&sort=pra"] (1.5527011s)
[000013] 1 [     1 - html] map["selector":"ol.list-unstyled.rows-container.mt-2.list.gallery-lg-4-per-row li" "url":"https://www.car.gr/used-cars/toyota.html?activeq=toyota&offer_type=sale&pg=1&sort=pra"] (1.5537275s)
[000014] 1 [     1 - html] map["selector":"ol.list-unstyled.rows-container.mt-2.list.gallery-lg-4-per-row li" "url":"https://www.car.gr/used-cars/toyota.html?activeq=toyota&offer_type=sale&pg=1&sort=pra"] (1.5542416s)
[000015] 1 [     1 - html] map["selector":"ol.list-unstyled.rows-container.mt-2.list.gallery-lg-4-per-row li" "url":"https://www.car.gr/used-cars/toyota.html?activeq=toyota&offer_type=sale&pg=1&sort=pra"] (1.555273s)
[000016] 1 [     1 - html] map["selector":"ol.list-unstyled.rows-container.mt-2.list.gallery-lg-4-per-row li" "url":"https://www.car.gr/used-cars/toyota.html?activeq=toyota&offer_type=sale&pg=1&sort=pra"] (1.5557858s)
[000017] 1 [     1 - html] map["selector":"ol.list-unstyled.rows-container.mt-2.list.gallery-lg-4-per-row li" "url":"https://www.car.gr/used-cars/toyota.html?activeq=toyota&offer_type=sale&pg=1&sort=pra"] (1.556813s)
[000018] 1 [     1 - html] map["selector":"ol.list-unstyled.rows-container.mt-2.list.gallery-lg-4-per-row li" "url":"https://www.car.gr/used-cars/toyota.html?activeq=toyota&offer_type=sale&pg=1&sort=pra"] (1.5578424s)
[000019] 1 [     1 - html] map["selector":"ol.list-unstyled.rows-container.mt-2.list.gallery-lg-4-per-row li" "url":"https://www.car.gr/used-cars/toyota.html?activeq=toyota&offer_type=sale&pg=1&sort=pra"] (1.5588645s)
[000020] 1 [     1 - html] map["selector":"ol.list-unstyled.rows-container.mt-2.list.gallery-lg-4-per-row li" "url":"https://www.car.gr/used-cars/toyota.html?activeq=toyota&offer_type=sale&pg=1&sort=pra"] (1.5593761s)
[000021] 1 [     1 - html] map["selector":"ol.list-unstyled.rows-container.mt-2.list.gallery-lg-4-per-row li" "url":"https://www.car.gr/used-cars/toyota.html?activeq=toyota&offer_type=sale&pg=1&sort=pra"] (1.5604027s)
[000022] 1 [     1 - html] map["selector":"ol.list-unstyled.rows-container.mt-2.list.gallery-lg-4-per-row li" "url":"https://www.car.gr/used-cars/toyota.html?activeq=toyota&offer_type=sale&pg=1&sort=pra"] (1.56217s)
[000023] 1 [     1 - html] map["selector":"ol.list-unstyled.rows-container.mt-2.list.gallery-lg-4-per-row li" "url":"https://www.car.gr/used-cars/toyota.html?activeq=toyota&offer_type=sale&pg=1&sort=pra"] (1.5636788s)
[000024] 1 [     1 - html] map["selector":"ol.list-unstyled.rows-container.mt-2.list.gallery-lg-4-per-row li" "url":"https://www.car.gr/used-cars/toyota.html?activeq=toyota&offer_type=sale&pg=1&sort=pra"] (1.5651796s)
[000025] 1 [     1 - html] map["selector":"ol.list-unstyled.rows-container.mt-2.list.gallery-lg-4-per-row li" "url":"https://www.car.gr/used-cars/toyota.html?activeq=toyota&offer_type=sale&pg=1&sort=pra"] (1.5662373s)
[000026] 1 [     1 - html] map["selector":"ol.list-unstyled.rows-container.mt-2.list.gallery-lg-4-per-row li" "url":"https://www.car.gr/used-cars/toyota.html?activeq=toyota&offer_type=sale&pg=1&sort=pra"] (1.5674096s)
[000027] 1 [     1 - html] map["selector":"ol.list-unstyled.rows-container.mt-2.list.gallery-lg-4-per-row li" "url":"https://www.car.gr/used-cars/toyota.html?activeq=toyota&offer_type=sale&pg=1&sort=pra"] (1.5687722s)
[000028] 1 [     1 - scraped] map["url":"https://www.car.gr/used-cars/toyota.html?activeq=toyota&offer_type=sale&pg=1&sort=pra"] (1.5698095s)

)
yota&offer_type=sale&pg=1&sort=pra"] (1.8703019s)
